c:\users\rkpat\desktop\project3_rajasbhate\cis 4930 001 spring 2024 demo\cis 4930 001 spring 2024 demo\x64\debug\cis 4930 001 spring 2024 project1.pch
c:\users\rkpat\desktop\project3_rajasbhate\cis 4930 001 spring 2024 demo\cis 4930 001 spring 2024 demo\x64\debug\vc143.pdb
c:\users\rkpat\desktop\project3_rajasbhate\cis 4930 001 spring 2024 demo\cis 4930 001 spring 2024 demo\x64\debug\pch.obj
c:\users\rkpat\desktop\project3_rajasbhate\cis 4930 001 spring 2024 demo\cis 4930 001 spring 2024 demo\x64\debug\smartcandlestick.obj
c:\users\rkpat\desktop\project3_rajasbhate\cis 4930 001 spring 2024 demo\cis 4930 001 spring 2024 demo\x64\debug\recognizer_valley.obj
c:\users\rkpat\desktop\project3_rajasbhate\cis 4930 001 spring 2024 demo\cis 4930 001 spring 2024 demo\x64\debug\recognizer_peak.obj
c:\users\rkpat\desktop\project3_rajasbhate\cis 4930 001 spring 2024 demo\cis 4930 001 spring 2024 demo\x64\debug\recognizer_neutral.obj
c:\users\rkpat\desktop\project3_rajasbhate\cis 4930 001 spring 2024 demo\cis 4930 001 spring 2024 demo\x64\debug\recognizer_marubozu.obj
c:\users\rkpat\desktop\project3_rajasbhate\cis 4930 001 spring 2024 demo\cis 4930 001 spring 2024 demo\x64\debug\recognizer_hammer.obj
c:\users\rkpat\desktop\project3_rajasbhate\cis 4930 001 spring 2024 demo\cis 4930 001 spring 2024 demo\x64\debug\recognizer_gravestonedoji.obj
c:\users\rkpat\desktop\project3_rajasbhate\cis 4930 001 spring 2024 demo\cis 4930 001 spring 2024 demo\x64\debug\recognizer_dragonflydoji.obj
c:\users\rkpat\desktop\project3_rajasbhate\cis 4930 001 spring 2024 demo\cis 4930 001 spring 2024 demo\x64\debug\recognizer_doji.obj
c:\users\rkpat\desktop\project3_rajasbhate\cis 4930 001 spring 2024 demo\cis 4930 001 spring 2024 demo\x64\debug\recognizer_bullishharami.obj
c:\users\rkpat\desktop\project3_rajasbhate\cis 4930 001 spring 2024 demo\cis 4930 001 spring 2024 demo\x64\debug\recognizer_bullishengulfing.obj
c:\users\rkpat\desktop\project3_rajasbhate\cis 4930 001 spring 2024 demo\cis 4930 001 spring 2024 demo\x64\debug\recognizer_bullish.obj
c:\users\rkpat\desktop\project3_rajasbhate\cis 4930 001 spring 2024 demo\cis 4930 001 spring 2024 demo\x64\debug\recognizer_bearishharami.obj
c:\users\rkpat\desktop\project3_rajasbhate\cis 4930 001 spring 2024 demo\cis 4930 001 spring 2024 demo\x64\debug\recognizer_bearishengulfing.obj
c:\users\rkpat\desktop\project3_rajasbhate\cis 4930 001 spring 2024 demo\cis 4930 001 spring 2024 demo\x64\debug\recognizer_bearish.obj
c:\users\rkpat\desktop\project3_rajasbhate\cis 4930 001 spring 2024 demo\cis 4930 001 spring 2024 demo\x64\debug\recognizer.obj
c:\users\rkpat\desktop\project3_rajasbhate\cis 4930 001 spring 2024 demo\cis 4930 001 spring 2024 demo\x64\debug\form_stockpicker.obj
c:\users\rkpat\desktop\project3_rajasbhate\cis 4930 001 spring 2024 demo\cis 4930 001 spring 2024 demo\x64\debug\cppclr_winformsproject.obj
c:\users\rkpat\desktop\project3_rajasbhate\cis 4930 001 spring 2024 demo\cis 4930 001 spring 2024 demo\x64\debug\candlestick.obj
c:\users\rkpat\desktop\project3_rajasbhate\cis 4930 001 spring 2024 demo\cis 4930 001 spring 2024 demo\x64\debug\assemblyinfo.obj
c:\users\rkpat\desktop\project3_rajasbhate\cis 4930 001 spring 2024 demo\cis 4930 001 spring 2024 demo\x64\debug\.netframework,version=v4.7.2.assemblyattributes.obj
c:\users\rkpat\desktop\project3_rajasbhate\cis 4930 001 spring 2024 demo\x64\debug\cis 4930 001 spring 2024 project1.exe
c:\users\rkpat\desktop\project3_rajasbhate\cis 4930 001 spring 2024 demo\x64\debug\cis 4930 001 spring 2024 project1.pdb
c:\users\rkpat\desktop\project3_rajasbhate\cis 4930 001 spring 2024 demo\cis 4930 001 spring 2024 demo\x64\debug\app.res
c:\users\rkpat\desktop\project3_rajasbhate\cis 4930 001 spring 2024 demo\cis 4930 001 spring 2024 demo\x64\debug\cis 4930.5d3c2263.tlog\cl.command.1.tlog
c:\users\rkpat\desktop\project3_rajasbhate\cis 4930 001 spring 2024 demo\cis 4930 001 spring 2024 demo\x64\debug\cis 4930.5d3c2263.tlog\cl.items.tlog
c:\users\rkpat\desktop\project3_rajasbhate\cis 4930 001 spring 2024 demo\cis 4930 001 spring 2024 demo\x64\debug\cis 4930.5d3c2263.tlog\cl.read.1.tlog
c:\users\rkpat\desktop\project3_rajasbhate\cis 4930 001 spring 2024 demo\cis 4930 001 spring 2024 demo\x64\debug\cis 4930.5d3c2263.tlog\cl.write.1.tlog
c:\users\rkpat\desktop\project3_rajasbhate\cis 4930 001 spring 2024 demo\cis 4930 001 spring 2024 demo\x64\debug\cis 4930.5d3c2263.tlog\link.command.1.tlog
c:\users\rkpat\desktop\project3_rajasbhate\cis 4930 001 spring 2024 demo\cis 4930 001 spring 2024 demo\x64\debug\cis 4930.5d3c2263.tlog\link.read.1.tlog
c:\users\rkpat\desktop\project3_rajasbhate\cis 4930 001 spring 2024 demo\cis 4930 001 spring 2024 demo\x64\debug\cis 4930.5d3c2263.tlog\link.secondary.1.tlog
c:\users\rkpat\desktop\project3_rajasbhate\cis 4930 001 spring 2024 demo\cis 4930 001 spring 2024 demo\x64\debug\cis 4930.5d3c2263.tlog\link.write.1.tlog
c:\users\rkpat\desktop\project3_rajasbhate\cis 4930 001 spring 2024 demo\cis 4930 001 spring 2024 demo\x64\debug\cis 4930.5d3c2263.tlog\metagen.read.1.tlog
c:\users\rkpat\desktop\project3_rajasbhate\cis 4930 001 spring 2024 demo\cis 4930 001 spring 2024 demo\x64\debug\cis 4930.5d3c2263.tlog\metagen.write.1.tlog
c:\users\rkpat\desktop\project3_rajasbhate\cis 4930 001 spring 2024 demo\cis 4930 001 spring 2024 demo\x64\debug\cis 4930.5d3c2263.tlog\rc.command.1.tlog
c:\users\rkpat\desktop\project3_rajasbhate\cis 4930 001 spring 2024 demo\cis 4930 001 spring 2024 demo\x64\debug\cis 4930.5d3c2263.tlog\rc.read.1.tlog
c:\users\rkpat\desktop\project3_rajasbhate\cis 4930 001 spring 2024 demo\cis 4930 001 spring 2024 demo\x64\debug\cis 4930.5d3c2263.tlog\rc.write.1.tlog
c:\users\rkpat\desktop\project3_rajasbhate\cis 4930 001 spring 2024 demo\cis 4930 001 spring 2024 demo\x64\debug\cis 4930.5d3c2263.tlog\resgen.command.1.tlog
c:\users\rkpat\desktop\project3_rajasbhate\cis 4930 001 spring 2024 demo\cis 4930 001 spring 2024 demo\x64\debug\cis 4930.5d3c2263.tlog\resgen.read.1.tlog
c:\users\rkpat\desktop\project3_rajasbhate\cis 4930 001 spring 2024 demo\cis 4930 001 spring 2024 demo\x64\debug\cis 4930.5d3c2263.tlog\resgen.write.1.tlog
